<?xml version="1.0" encoding="UTF-8"?>
<testng-results skipped="0" failed="0" total="1" passed="1">
  <reporter-output>
  </reporter-output>
  <suite name="Suite" duration-ms="5557" started-at="2015-12-30T05:29:06Z" finished-at="2015-12-30T05:29:11Z">
    <groups>
    </groups>
    <test name="Test" duration-ms="5557" started-at="2015-12-30T05:29:06Z" finished-at="2015-12-30T05:29:11Z">
      <class name="seleniumwebdriver.LaunchFirefox">
        <test-method status="PASS" signature="launchTest()[pri:0, instance:seleniumwebdriver.LaunchFirefox@751b1e07]" name="launchTest" duration-ms="5552" started-at="2015-12-30T10:59:06Z" finished-at="2015-12-30T10:59:11Z">
          <reporter-output>
          </reporter-output>
        </test-method> <!-- launchTest -->
      </class> <!-- seleniumwebdriver.LaunchFirefox -->
    </test> <!-- Test -->
  </suite> <!-- Suite -->
</testng-results>
